<?xml version="1.0" encoding="UTF-8"?>
<testsuite name="com.example.chatbackend.ChatBackendApplicationTests" tests="1" skipped="0" failures="0" errors="0" timestamp="2025-10-02T20:08:44.565Z" hostname="CND3231LB9" time="1.516">
  <properties/>
  <testcase name="contextLoads()" classname="com.example.chatbackend.ChatBackendApplicationTests" time="1.516"/>
  <system-out><![CDATA[
  .   ____          _            __ _ _
 /\\ / ___'_ __ _ _(_)_ __  __ _ \ \ \ \
( ( )\___ | '_ | '_| | '_ \/ _` | \ \ \ \
 \\/  ___)| |_)| | | | | || (_| |  ) ) ) )
  '  |____| .__|_| |_|_| |_\__, | / / / /
 =========|_|==============|___/=/_/_/_/
 :: Spring Boot ::                (v3.2.5)

2025-10-03T01:38:26.026+05:30  INFO 33428 --- [chat-backend] [    Test worker] c.e.c.ChatBackendApplicationTests        : Starting ChatBackendApplicationTests using Java 21.0.3 with PID 33428 (started by User in C:\Users\User\Documents\chatBotWithCursorBackend\chatAppBackend)
2025-10-03T01:38:26.034+05:30  INFO 33428 --- [chat-backend] [    Test worker] c.e.c.ChatBackendApplicationTests        : No active profile set, falling back to 1 default profile: "default"
2025-10-03T01:38:28.456+05:30  INFO 33428 --- [chat-backend] [    Test worker] .s.d.r.c.RepositoryConfigurationDelegate : Multiple Spring Data modules found, entering strict repository configuration mode
2025-10-03T01:38:28.461+05:30  INFO 33428 --- [chat-backend] [    Test worker] .s.d.r.c.RepositoryConfigurationDelegate : Bootstrapping Spring Data JPA repositories in DEFAULT mode.
2025-10-03T01:38:28.855+05:30  INFO 33428 --- [chat-backend] [    Test worker] .s.d.r.c.RepositoryConfigurationDelegate : Finished Spring Data repository scanning in 368 ms. Found 3 JPA repository interfaces.
2025-10-03T01:38:28.902+05:30  INFO 33428 --- [chat-backend] [    Test worker] .s.d.r.c.RepositoryConfigurationDelegate : Multiple Spring Data modules found, entering strict repository configuration mode
2025-10-03T01:38:28.907+05:30  INFO 33428 --- [chat-backend] [    Test worker] .s.d.r.c.RepositoryConfigurationDelegate : Bootstrapping Spring Data Redis repositories in DEFAULT mode.
2025-10-03T01:38:28.952+05:30  INFO 33428 --- [chat-backend] [    Test worker] .RepositoryConfigurationExtensionSupport : Spring Data Redis - Could not safely identify store assignment for repository candidate interface com.example.chat.repository.ChatRoomRepository; If you want this repository to be a Redis repository, consider annotating your entities with one of these annotations: org.springframework.data.redis.core.RedisHash (preferred), or consider extending one of the following types with your repository: org.springframework.data.keyvalue.repository.KeyValueRepository
2025-10-03T01:38:28.953+05:30  INFO 33428 --- [chat-backend] [    Test worker] .RepositoryConfigurationExtensionSupport : Spring Data Redis - Could not safely identify store assignment for repository candidate interface com.example.chat.repository.MessageRepository; If you want this repository to be a Redis repository, consider annotating your entities with one of these annotations: org.springframework.data.redis.core.RedisHash (preferred), or consider extending one of the following types with your repository: org.springframework.data.keyvalue.repository.KeyValueRepository
2025-10-03T01:38:28.954+05:30  INFO 33428 --- [chat-backend] [    Test worker] .RepositoryConfigurationExtensionSupport : Spring Data Redis - Could not safely identify store assignment for repository candidate interface com.example.chat.repository.UserRepository; If you want this repository to be a Redis repository, consider annotating your entities with one of these annotations: org.springframework.data.redis.core.RedisHash (preferred), or consider extending one of the following types with your repository: org.springframework.data.keyvalue.repository.KeyValueRepository
2025-10-03T01:38:28.954+05:30  INFO 33428 --- [chat-backend] [    Test worker] .s.d.r.c.RepositoryConfigurationDelegate : Finished Spring Data repository scanning in 24 ms. Found 0 Redis repository interfaces.
2025-10-03T01:38:30.390+05:30  INFO 33428 --- [chat-backend] [    Test worker] com.zaxxer.hikari.HikariDataSource       : HikariPool-1 - Starting...
2025-10-03T01:38:31.101+05:30  INFO 33428 --- [chat-backend] [    Test worker] com.zaxxer.hikari.pool.HikariPool        : HikariPool-1 - Added connection com.mysql.cj.jdbc.ConnectionImpl@7f1f60a0
2025-10-03T01:38:31.110+05:30  INFO 33428 --- [chat-backend] [    Test worker] com.zaxxer.hikari.HikariDataSource       : HikariPool-1 - Start completed.
2025-10-03T01:38:31.405+05:30  INFO 33428 --- [chat-backend] [    Test worker] o.hibernate.jpa.internal.util.LogHelper  : HHH000204: Processing PersistenceUnitInfo [name: default]
2025-10-03T01:38:31.714+05:30  INFO 33428 --- [chat-backend] [    Test worker] org.hibernate.Version                    : HHH000412: Hibernate ORM core version 6.4.4.Final
2025-10-03T01:38:31.858+05:30  INFO 33428 --- [chat-backend] [    Test worker] o.h.c.internal.RegionFactoryInitiator    : HHH000026: Second-level cache disabled
2025-10-03T01:38:32.786+05:30  INFO 33428 --- [chat-backend] [    Test worker] o.s.o.j.p.SpringPersistenceUnitInfo      : No LoadTimeWeaver setup: ignoring JPA class transformer
2025-10-03T01:38:35.319+05:30  INFO 33428 --- [chat-backend] [    Test worker] o.h.e.t.j.p.i.JtaPlatformInitiator       : HHH000489: No JTA platform available (set 'hibernate.transaction.jta.platform' to enable JTA platform integration)
2025-10-03T01:38:35.756+05:30  INFO 33428 --- [chat-backend] [    Test worker] j.LocalContainerEntityManagerFactoryBean : Initialized JPA EntityManagerFactory for persistence unit 'default'
2025-10-03T01:38:38.259+05:30  INFO 33428 --- [chat-backend] [    Test worker] o.s.d.j.r.query.QueryEnhancerFactory     : Hibernate is in classpath; If applicable, HQL parser will be used.
2025-10-03T01:38:40.238+05:30  WARN 33428 --- [chat-backend] [    Test worker] JpaBaseConfiguration$JpaWebConfiguration : spring.jpa.open-in-view is enabled by default. Therefore, database queries may be performed during view rendering. Explicitly configure spring.jpa.open-in-view to disable this warning
2025-10-03T01:38:41.165+05:30  INFO 33428 --- [chat-backend] [    Test worker] o.s.s.web.DefaultSecurityFilterChain     : Will secure any request with [org.springframework.security.web.session.DisableEncodeUrlFilter@5ae7e5db, org.springframework.security.web.context.request.async.WebAsyncManagerIntegrationFilter@29398b59, org.springframework.security.web.context.SecurityContextHolderFilter@19db3c2e, org.springframework.security.web.header.HeaderWriterFilter@3985cca0, org.springframework.web.filter.CorsFilter@1cdb4bd3, org.springframework.security.web.authentication.logout.LogoutFilter@16d52e51, com.example.chat.config.JwtAuthFilter@2dc72c0c, org.springframework.security.web.savedrequest.RequestCacheAwareFilter@38138629, org.springframework.security.web.servletapi.SecurityContextHolderAwareRequestFilter@7a2c95e2, org.springframework.security.web.authentication.AnonymousAuthenticationFilter@3cc6bfdb, org.springframework.security.web.session.SessionManagementFilter@700e3b73, org.springframework.security.web.access.ExceptionTranslationFilter@81bc4da, org.springframework.security.web.access.intercept.AuthorizationFilter@38696886]
2025-10-03T01:38:42.563+05:30  INFO 33428 --- [chat-backend] [    Test worker] o.a.k.clients.admin.AdminClientConfig    : AdminClientConfig values: 
	auto.include.jmx.reporter = true
	bootstrap.servers = [localhost:9092]
	client.dns.lookup = use_all_dns_ips
	client.id = 
	connections.max.idle.ms = 300000
	default.api.timeout.ms = 60000
	metadata.max.age.ms = 300000
	metric.reporters = []
	metrics.num.samples = 2
	metrics.recording.level = INFO
	metrics.sample.window.ms = 30000
	receive.buffer.bytes = 65536
	reconnect.backoff.max.ms = 1000
	reconnect.backoff.ms = 50
	request.timeout.ms = 30000
	retries = 2147483647
	retry.backoff.ms = 100
	sasl.client.callback.handler.class = null
	sasl.jaas.config = null
	sasl.kerberos.kinit.cmd = /usr/bin/kinit
	sasl.kerberos.min.time.before.relogin = 60000
	sasl.kerberos.service.name = null
	sasl.kerberos.ticket.renew.jitter = 0.05
	sasl.kerberos.ticket.renew.window.factor = 0.8
	sasl.login.callback.handler.class = null
	sasl.login.class = null
	sasl.login.connect.timeout.ms = null
	sasl.login.read.timeout.ms = null
	sasl.login.refresh.buffer.seconds = 300
	sasl.login.refresh.min.period.seconds = 60
	sasl.login.refresh.window.factor = 0.8
	sasl.login.refresh.window.jitter = 0.05
	sasl.login.retry.backoff.max.ms = 10000
	sasl.login.retry.backoff.ms = 100
	sasl.mechanism = GSSAPI
	sasl.oauthbearer.clock.skew.seconds = 30
	sasl.oauthbearer.expected.audience = null
	sasl.oauthbearer.expected.issuer = null
	sasl.oauthbearer.jwks.endpoint.refresh.ms = 3600000
	sasl.oauthbearer.jwks.endpoint.retry.backoff.max.ms = 10000
	sasl.oauthbearer.jwks.endpoint.retry.backoff.ms = 100
	sasl.oauthbearer.jwks.endpoint.url = null
	sasl.oauthbearer.scope.claim.name = scope
	sasl.oauthbearer.sub.claim.name = sub
	sasl.oauthbearer.token.endpoint.url = null
	security.protocol = PLAINTEXT
	security.providers = null
	send.buffer.bytes = 131072
	socket.connection.setup.timeout.max.ms = 30000
	socket.connection.setup.timeout.ms = 10000
	ssl.cipher.suites = null
	ssl.enabled.protocols = [TLSv1.2, TLSv1.3]
	ssl.endpoint.identification.algorithm = https
	ssl.engine.factory.class = null
	ssl.key.password = null
	ssl.keymanager.algorithm = SunX509
	ssl.keystore.certificate.chain = null
	ssl.keystore.key = null
	ssl.keystore.location = null
	ssl.keystore.password = null
	ssl.keystore.type = JKS
	ssl.protocol = TLSv1.3
	ssl.provider = null
	ssl.secure.random.implementation = null
	ssl.trustmanager.algorithm = PKIX
	ssl.truststore.certificates = null
	ssl.truststore.location = null
	ssl.truststore.password = null
	ssl.truststore.type = JKS

2025-10-03T01:38:43.068+05:30  INFO 33428 --- [chat-backend] [    Test worker] o.a.kafka.common.utils.AppInfoParser     : Kafka version: 3.6.2
2025-10-03T01:38:43.069+05:30  INFO 33428 --- [chat-backend] [    Test worker] o.a.kafka.common.utils.AppInfoParser     : Kafka commitId: c4deed513057c94e
2025-10-03T01:38:43.069+05:30  INFO 33428 --- [chat-backend] [    Test worker] o.a.kafka.common.utils.AppInfoParser     : Kafka startTimeMs: 1759435723064
2025-10-03T01:38:44.230+05:30  INFO 33428 --- [chat-backend] [| adminclient-1] o.a.kafka.common.utils.AppInfoParser     : App info kafka.admin.client for adminclient-1 unregistered
2025-10-03T01:38:44.242+05:30  INFO 33428 --- [chat-backend] [| adminclient-1] o.apache.kafka.common.metrics.Metrics    : Metrics scheduler closed
2025-10-03T01:38:44.244+05:30  INFO 33428 --- [chat-backend] [| adminclient-1] o.apache.kafka.common.metrics.Metrics    : Closing reporter org.apache.kafka.common.metrics.JmxReporter
2025-10-03T01:38:44.245+05:30  INFO 33428 --- [chat-backend] [| adminclient-1] o.apache.kafka.common.metrics.Metrics    : Metrics reporters closed
2025-10-03T01:38:44.330+05:30  INFO 33428 --- [chat-backend] [    Test worker] o.a.k.clients.consumer.ConsumerConfig    : ConsumerConfig values: 
	allow.auto.create.topics = true
	auto.commit.interval.ms = 5000
	auto.include.jmx.reporter = true
	auto.offset.reset = earliest
	bootstrap.servers = [localhost:9092]
	check.crcs = true
	client.dns.lookup = use_all_dns_ips
	client.id = consumer-chat-group-1
	client.rack = 
	connections.max.idle.ms = 540000
	default.api.timeout.ms = 60000
	enable.auto.commit = false
	exclude.internal.topics = true
	fetch.max.bytes = 52428800
	fetch.max.wait.ms = 500
	fetch.min.bytes = 1
	group.id = chat-group
	group.instance.id = null
	heartbeat.interval.ms = 3000
	interceptor.classes = []
	internal.leave.group.on.close = true
	internal.throw.on.fetch.stable.offset.unsupported = false
	isolation.level = read_uncommitted
	key.deserializer = class org.apache.kafka.common.serialization.StringDeserializer
	max.partition.fetch.bytes = 1048576
	max.poll.interval.ms = 300000
	max.poll.records = 500
	metadata.max.age.ms = 300000
	metric.reporters = []
	metrics.num.samples = 2
	metrics.recording.level = INFO
	metrics.sample.window.ms = 30000
	partition.assignment.strategy = [class org.apache.kafka.clients.consumer.RangeAssignor, class org.apache.kafka.clients.consumer.CooperativeStickyAssignor]
	receive.buffer.bytes = 65536
	reconnect.backoff.max.ms = 1000
	reconnect.backoff.ms = 50
	request.timeout.ms = 30000
	retry.backoff.ms = 100
	sasl.client.callback.handler.class = null
	sasl.jaas.config = null
	sasl.kerberos.kinit.cmd = /usr/bin/kinit
	sasl.kerberos.min.time.before.relogin = 60000
	sasl.kerberos.service.name = null
	sasl.kerberos.ticket.renew.jitter = 0.05
	sasl.kerberos.ticket.renew.window.factor = 0.8
	sasl.login.callback.handler.class = null
	sasl.login.class = null
	sasl.login.connect.timeout.ms = null
	sasl.login.read.timeout.ms = null
	sasl.login.refresh.buffer.seconds = 300
	sasl.login.refresh.min.period.seconds = 60
	sasl.login.refresh.window.factor = 0.8
	sasl.login.refresh.window.jitter = 0.05
	sasl.login.retry.backoff.max.ms = 10000
	sasl.login.retry.backoff.ms = 100
	sasl.mechanism = GSSAPI
	sasl.oauthbearer.clock.skew.seconds = 30
	sasl.oauthbearer.expected.audience = null
	sasl.oauthbearer.expected.issuer = null
	sasl.oauthbearer.jwks.endpoint.refresh.ms = 3600000
	sasl.oauthbearer.jwks.endpoint.retry.backoff.max.ms = 10000
	sasl.oauthbearer.jwks.endpoint.retry.backoff.ms = 100
	sasl.oauthbearer.jwks.endpoint.url = null
	sasl.oauthbearer.scope.claim.name = scope
	sasl.oauthbearer.sub.claim.name = sub
	sasl.oauthbearer.token.endpoint.url = null
	security.protocol = PLAINTEXT
	security.providers = null
	send.buffer.bytes = 131072
	session.timeout.ms = 45000
	socket.connection.setup.timeout.max.ms = 30000
	socket.connection.setup.timeout.ms = 10000
	ssl.cipher.suites = null
	ssl.enabled.protocols = [TLSv1.2, TLSv1.3]
	ssl.endpoint.identification.algorithm = https
	ssl.engine.factory.class = null
	ssl.key.password = null
	ssl.keymanager.algorithm = SunX509
	ssl.keystore.certificate.chain = null
	ssl.keystore.key = null
	ssl.keystore.location = null
	ssl.keystore.password = null
	ssl.keystore.type = JKS
	ssl.protocol = TLSv1.3
	ssl.provider = null
	ssl.secure.random.implementation = null
	ssl.trustmanager.algorithm = PKIX
	ssl.truststore.certificates = null
	ssl.truststore.location = null
	ssl.truststore.password = null
	ssl.truststore.type = JKS
	value.deserializer = class org.springframework.kafka.support.serializer.JsonDeserializer

2025-10-03T01:38:44.451+05:30  INFO 33428 --- [chat-backend] [    Test worker] o.a.kafka.common.utils.AppInfoParser     : Kafka version: 3.6.2
2025-10-03T01:38:44.457+05:30  INFO 33428 --- [chat-backend] [    Test worker] o.a.kafka.common.utils.AppInfoParser     : Kafka commitId: c4deed513057c94e
2025-10-03T01:38:44.457+05:30  INFO 33428 --- [chat-backend] [    Test worker] o.a.kafka.common.utils.AppInfoParser     : Kafka startTimeMs: 1759435724451
2025-10-03T01:38:44.462+05:30  INFO 33428 --- [chat-backend] [    Test worker] fkaConsumerFactory$ExtendedKafkaConsumer : [Consumer clientId=consumer-chat-group-1, groupId=chat-group] Subscribed to topic(s): chat.messages
2025-10-03T01:38:44.476+05:30  INFO 33428 --- [chat-backend] [    Test worker] o.s.m.s.b.SimpleBrokerMessageHandler     : Starting...
2025-10-03T01:38:44.480+05:30  INFO 33428 --- [chat-backend] [    Test worker] o.s.m.s.b.SimpleBrokerMessageHandler     : BrokerAvailabilityEvent[available=true, SimpleBrokerMessageHandler [org.springframework.messaging.simp.broker.DefaultSubscriptionRegistry@1145d71f]]
2025-10-03T01:38:44.481+05:30  INFO 33428 --- [chat-backend] [    Test worker] o.s.m.s.b.SimpleBrokerMessageHandler     : Started.
2025-10-03T01:38:44.509+05:30  INFO 33428 --- [chat-backend] [    Test worker] c.e.c.ChatBackendApplicationTests        : Started ChatBackendApplicationTests in 19.232 seconds (process running for 22.902)
2025-10-03T01:38:44.522+05:30  INFO 33428 --- [chat-backend] [ntainer#0-0-C-1] org.apache.kafka.clients.Metadata        : [Consumer clientId=consumer-chat-group-1, groupId=chat-group] Cluster ID: hk5AepJWTTSrG7r_VaKscw
2025-10-03T01:38:44.536+05:30  INFO 33428 --- [chat-backend] [ntainer#0-0-C-1] o.a.k.c.c.internals.ConsumerCoordinator  : [Consumer clientId=consumer-chat-group-1, groupId=chat-group] Discovered group coordinator localhost:9092 (id: 2147483646 rack: null)
2025-10-03T01:38:44.540+05:30  INFO 33428 --- [chat-backend] [ntainer#0-0-C-1] o.a.k.c.c.internals.ConsumerCoordinator  : [Consumer clientId=consumer-chat-group-1, groupId=chat-group] (Re-)joining group
2025-10-03T01:38:44.647+05:30  INFO 33428 --- [chat-backend] [ntainer#0-0-C-1] o.a.k.c.c.internals.ConsumerCoordinator  : [Consumer clientId=consumer-chat-group-1, groupId=chat-group] Request joining group due to: need to re-join with the given member-id: consumer-chat-group-1-95a77dfc-c8fe-41f0-a95e-74bd27c9088f
2025-10-03T01:38:44.649+05:30  INFO 33428 --- [chat-backend] [ntainer#0-0-C-1] o.a.k.c.c.internals.ConsumerCoordinator  : [Consumer clientId=consumer-chat-group-1, groupId=chat-group] Request joining group due to: rebalance failed due to 'The group member needs to have a valid member id before actually entering a consumer group.' (MemberIdRequiredException)
2025-10-03T01:38:44.650+05:30  INFO 33428 --- [chat-backend] [ntainer#0-0-C-1] o.a.k.c.c.internals.ConsumerCoordinator  : [Consumer clientId=consumer-chat-group-1, groupId=chat-group] (Re-)joining group
]]></system-out>
  <system-err><![CDATA[WARNING: A Java agent has been loaded dynamically (C:\Users\User\.gradle\caches\modules-2\files-2.1\net.bytebuddy\byte-buddy-agent\1.14.13\979ce25f7d3096a2e82214ba7dc972a05ce7a171\byte-buddy-agent-1.14.13.jar)
WARNING: If a serviceability tool is in use, please run with -XX:+EnableDynamicAgentLoading to hide this warning
WARNING: If a serviceability tool is not in use, please run with -Djdk.instrument.traceUsage for more information
WARNING: Dynamic loading of agents will be disallowed by default in a future release
]]></system-err>
</testsuite>
